<?xml version="1.0" encoding="UTF-8"?>
<!-- Generated by org.testng.reporters.JUnitXMLReporter -->
<testsuite ignored="0" hostname="Markos-MacBook-Pro.local" failures="0" tests="2" name="Default test" time="15.64" errors="0" timestamp="2024-04-07T14:36:22 CEST">
  <testcase classname="io.cucumber.testng.AbstractTestNGCucumberTests" name="runScenario" time="7.89"/>
  <testcase classname="io.cucumber.testng.AbstractTestNGCucumberTests" name="runScenario" time="7.334"/>
</testsuite> <!-- Default test -->
