<?xml version="1.0" encoding="UTF-8"?>
<!-- Generated by org.testng.reporters.JUnitXMLReporter -->
<testsuite ignored="0" hostname="Markos-MacBook-Pro.local" failures="0" tests="2" name="Error Validtaions Test" time="12.08" errors="0" timestamp="2024-04-01T20:49:16 CEST">
  <testcase classname="markosovilj.tests.ErrorValidationsTest" name="LoginErrorValidation" time="1.097"/>
  <testcase classname="markosovilj.tests.ErrorValidationsTest" name="ProductErrorValidation" time="2.488"/>
</testsuite> <!-- Error Validtaions Test -->
