<?xml version="1.0" encoding="UTF-8"?>
<!-- Generated by org.testng.reporters.JUnitXMLReporter -->
<testsuite ignored="0" hostname="Markos-MacBook-Pro.local" failures="0" tests="2" name="Error Validtaions Test" time="12.798" errors="0" timestamp="2024-04-04T19:21:53 CEST">
  <testcase classname="markosovilj.tests.ErrorValidationsTest" name="LoginErrorValidation" time="1.123"/>
  <testcase classname="markosovilj.tests.ErrorValidationsTest" name="ProductErrorValidation" time="2.491"/>
</testsuite> <!-- Error Validtaions Test -->
