<?xml version="1.0" encoding="UTF-8"?>
<!-- Generated by org.testng.reporters.JUnitXMLReporter -->
<testsuite ignored="0" hostname="Markos-MacBook-Pro.local" failures="0" tests="3" name="Stand Alone Test" time="20.63" errors="0" timestamp="2024-04-04T19:22:01 CEST">
  <testcase classname="markosovilj.tests.StandAloneTest" name="submitOrder" time="3.299"/>
  <testcase classname="markosovilj.tests.StandAloneTest" name="submitOrder" time="3.221"/>
  <testcase classname="markosovilj.tests.StandAloneTest" name="OrderHistoryTest" time="0.838"/>
</testsuite> <!-- Stand Alone Test -->
